
hpeesofsim (*) 450.shp Jan 21 2016, MINT version 4
    (64-bit windows built: 01/21/16 15:34:19)
Copyright 1995 - 2015 Keysight Technologies, 1989-2016.

Warning detected by hpeesofsim in Substrate model during netlist flattening.
    Simulations referencing substrate `BPF1.MSub1' will not include metal loss
    because metal thickness is zero.
Warning detected by hpeesofsim in topology check during circuit set up.
    Number of nodes with only one device attached (topology corrected): 1


CT Sweep2[1] <MSLine_lib:MSLine:schematic>   s2=(254e-06->381e-06)

CT Sweep2[1].Sweep1[1/11] <MSLine_lib:MSLine:schematic>  s2=254e-06  s1=(38.1e-06->101.6e-06)

SP Sweep2[1].Sweep1[1/11].SP1[1/26] <MSLine_lib:MSLine:schematic>  s2=254e-06 s1=38.1e-06  freq=(1 GHz->10 GHz)
...........................................................................................

SP Sweep2[1].Sweep1[1/11].SP1[2/26] <MSLine_lib:MSLine:schematic>  s2=254e-06 s1=40.64e-06  freq=(1 GHz->10 GHz)
...........................................................................................

SP Sweep2[1].Sweep1[1/11].SP1[3/26] <MSLine_lib:MSLine:schematic>  s2=254e-06 s1=43.18e-06  freq=(1 GHz->10 GHz)
...........................................................................................

SP Sweep2[1].Sweep1[1/11].SP1[4/26] <MSLine_lib:MSLine:schematic>  s2=254e-06 s1=45.72e-06  freq=(1 GHz->10 GHz)
...........................................................................................

SP Sweep2[1].Sweep1[1/11].SP1[5/26] <MSLine_lib:MSLine:schematic>  s2=254e-06 s1=48.26e-06  freq=(1 GHz->10 GHz)
...........................................................................................

SP Sweep2[1].Sweep1[1/11].SP1[6/26] <MSLine_lib:MSLine:schematic>  s2=254e-06 s1=50.8e-06  freq=(1 GHz->10 GHz)
...........................................................................................

SP Sweep2[1].Sweep1[1/11].SP1[7/26] <MSLine_lib:MSLine:schematic>  s2=254e-06 s1=53.34e-06  freq=(1 GHz->10 GHz)
...........................................................................................

SP Sweep2[1].Sweep1[1/11].SP1[8/26] <MSLine_lib:MSLine:schematic>  s2=254e-06 s1=55.88e-06  freq=(1 GHz->10 GHz)
...........................................................................................

SP Sweep2[1].Sweep1[1/11].SP1[9/26] <MSLine_lib:MSLine:schematic>  s2=254e-06 s1=58.42e-06  freq=(1 GHz->10 GHz)
...........................................................................................

SP Sweep2[1].Sweep1[1/11].SP1[10/26] <MSLine_lib:MSLine:schematic>  s2=254e-06 s1=60.96e-06  freq=(1 GHz->10 GHz)
...........................................................................................

SP Sweep2[1].Sweep1[1/11].SP1[11/26] <MSLine_lib:MSLine:schematic>  s2=254e-06 s1=63.5e-06  freq=(1 GHz->10 GHz)
...........................................................................................

SP Sweep2[1].Sweep1[1/11].SP1[12/26] <MSLine_lib:MSLine:schematic>  s2=254e-06 s1=66.04e-06  freq=(1 GHz->10 GHz)
...........................................................................................

SP Sweep2[1].Sweep1[1/11].SP1[13/26] <MSLine_lib:MSLine:schematic>  s2=254e-06 s1=68.58e-06  freq=(1 GHz->10 GHz)
...........................................................................................

SP Sweep2[1].Sweep1[1/11].SP1[14/26] <MSLine_lib:MSLine:schematic>  s2=254e-06 s1=71.12e-06  freq=(1 GHz->10 GHz)
...........................................................................................

SP Sweep2[1].Sweep1[1/11].SP1[15/26] <MSLine_lib:MSLine:schematic>  s2=254e-06 s1=73.66e-06  freq=(1 GHz->10 GHz)
...........................................................................................

SP Sweep2[1].Sweep1[1/11].SP1[16/26] <MSLine_lib:MSLine:schematic>  s2=254e-06 s1=76.2e-06  freq=(1 GHz->10 GHz)
...........................................................................................

SP Sweep2[1].Sweep1[1/11].SP1[17/26] <MSLine_lib:MSLine:schematic>  s2=254e-06 s1=78.74e-06  freq=(1 GHz->10 GHz)
...........................................................................................

SP Sweep2[1].Sweep1[1/11].SP1[18/26] <MSLine_lib:MSLine:schematic>  s2=254e-06 s1=81.28e-06  freq=(1 GHz->10 GHz)
...........................................................................................

SP Sweep2[1].Sweep1[1/11].SP1[19/26] <MSLine_lib:MSLine:schematic>  s2=254e-06 s1=83.82e-06  freq=(1 GHz->10 GHz)
...........................................................................................

SP Sweep2[1].Sweep1[1/11].SP1[20/26] <MSLine_lib:MSLine:schematic>  s2=254e-06 s1=86.36e-06  freq=(1 GHz->10 GHz)
...........................................................................................

SP Sweep2[1].Sweep1[1/11].SP1[21/26] <MSLine_lib:MSLine:schematic>  s2=254e-06 s1=88.9e-06  freq=(1 GHz->10 GHz)
...........................................................................................

SP Sweep2[1].Sweep1[1/11].SP1[22/26] <MSLine_lib:MSLine:schematic>  s2=254e-06 s1=91.44e-06  freq=(1 GHz->10 GHz)
...........................................................................................

SP Sweep2[1].Sweep1[1/11].SP1[23/26] <MSLine_lib:MSLine:schematic>  s2=254e-06 s1=93.98e-06  freq=(1 GHz->10 GHz)
...........................................................................................

SP Sweep2[1].Sweep1[1/11].SP1[24/26] <MSLine_lib:MSLine:schematic>  s2=254e-06 s1=96.52e-06  freq=(1 GHz->10 GHz)
...........................................................................................

SP Sweep2[1].Sweep1[1/11].SP1[25/26] <MSLine_lib:MSLine:schematic>  s2=254e-06 s1=99.06e-06  freq=(1 GHz->10 GHz)
...........................................................................................

SP Sweep2[1].Sweep1[1/11].SP1[26/26] <MSLine_lib:MSLine:schematic>  s2=254e-06 s1=101.6e-06  freq=(1 GHz->10 GHz)
...........................................................................................

CT Sweep2[1].Sweep1[2/11] <MSLine_lib:MSLine:schematic>  s2=266.7e-06  s1=(38.1e-06->101.6e-06)

SP Sweep2[1].Sweep1[2/11].SP1[1/26] <MSLine_lib:MSLine:schematic>  s2=266.7e-06 s1=38.1e-06  freq=(1 GHz->10 GHz)
...........................................................................................

SP Sweep2[1].Sweep1[2/11].SP1[2/26] <MSLine_lib:MSLine:schematic>  s2=266.7e-06 s1=40.64e-06  freq=(1 GHz->10 GHz)
...........................................................................................

SP Sweep2[1].Sweep1[2/11].SP1[3/26] <MSLine_lib:MSLine:schematic>  s2=266.7e-06 s1=43.18e-06  freq=(1 GHz->10 GHz)
...........................................................................................

SP Sweep2[1].Sweep1[2/11].SP1[4/26] <MSLine_lib:MSLine:schematic>  s2=266.7e-06 s1=45.72e-06  freq=(1 GHz->10 GHz)
...........................................................................................

SP Sweep2[1].Sweep1[2/11].SP1[5/26] <MSLine_lib:MSLine:schematic>  s2=266.7e-06 s1=48.26e-06  freq=(1 GHz->10 GHz)
...........................................................................................

SP Sweep2[1].Sweep1[2/11].SP1[6/26] <MSLine_lib:MSLine:schematic>  s2=266.7e-06 s1=50.8e-06  freq=(1 GHz->10 GHz)
...........................................................................................

SP Sweep2[1].Sweep1[2/11].SP1[7/26] <MSLine_lib:MSLine:schematic>  s2=266.7e-06 s1=53.34e-06  freq=(1 GHz->10 GHz)
...........................................................................................

SP Sweep2[1].Sweep1[2/11].SP1[8/26] <MSLine_lib:MSLine:schematic>  s2=266.7e-06 s1=55.88e-06  freq=(1 GHz->10 GHz)
...........................................................................................

SP Sweep2[1].Sweep1[2/11].SP1[9/26] <MSLine_lib:MSLine:schematic>  s2=266.7e-06 s1=58.42e-06  freq=(1 GHz->10 GHz)
...........................................................................................

SP Sweep2[1].Sweep1[2/11].SP1[10/26] <MSLine_lib:MSLine:schematic>  s2=266.7e-06 s1=60.96e-06  freq=(1 GHz->10 GHz)
...........................................................................................

SP Sweep2[1].Sweep1[2/11].SP1[11/26] <MSLine_lib:MSLine:schematic>  s2=266.7e-06 s1=63.5e-06  freq=(1 GHz->10 GHz)
...........................................................................................

SP Sweep2[1].Sweep1[2/11].SP1[12/26] <MSLine_lib:MSLine:schematic>  s2=266.7e-06 s1=66.04e-06  freq=(1 GHz->10 GHz)
...........................................................................................

SP Sweep2[1].Sweep1[2/11].SP1[13/26] <MSLine_lib:MSLine:schematic>  s2=266.7e-06 s1=68.58e-06  freq=(1 GHz->10 GHz)
...........................................................................................

SP Sweep2[1].Sweep1[2/11].SP1[14/26] <MSLine_lib:MSLine:schematic>  s2=266.7e-06 s1=71.12e-06  freq=(1 GHz->10 GHz)
...........................................................................................

SP Sweep2[1].Sweep1[2/11].SP1[15/26] <MSLine_lib:MSLine:schematic>  s2=266.7e-06 s1=73.66e-06  freq=(1 GHz->10 GHz)
...........................................................................................

SP Sweep2[1].Sweep1[2/11].SP1[16/26] <MSLine_lib:MSLine:schematic>  s2=266.7e-06 s1=76.2e-06  freq=(1 GHz->10 GHz)
...........................................................................................

SP Sweep2[1].Sweep1[2/11].SP1[17/26] <MSLine_lib:MSLine:schematic>  s2=266.7e-06 s1=78.74e-06  freq=(1 GHz->10 GHz)
...........................................................................................

SP Sweep2[1].Sweep1[2/11].SP1[18/26] <MSLine_lib:MSLine:schematic>  s2=266.7e-06 s1=81.28e-06  freq=(1 GHz->10 GHz)
...........................................................................................

SP Sweep2[1].Sweep1[2/11].SP1[19/26] <MSLine_lib:MSLine:schematic>  s2=266.7e-06 s1=83.82e-06  freq=(1 GHz->10 GHz)
...........................................................................................

SP Sweep2[1].Sweep1[2/11].SP1[20/26] <MSLine_lib:MSLine:schematic>  s2=266.7e-06 s1=86.36e-06  freq=(1 GHz->10 GHz)
...........................................................................................

SP Sweep2[1].Sweep1[2/11].SP1[21/26] <MSLine_lib:MSLine:schematic>  s2=266.7e-06 s1=88.9e-06  freq=(1 GHz->10 GHz)
...........................................................................................

SP Sweep2[1].Sweep1[2/11].SP1[22/26] <MSLine_lib:MSLine:schematic>  s2=266.7e-06 s1=91.44e-06  freq=(1 GHz->10 GHz)
...........................................................................................

SP Sweep2[1].Sweep1[2/11].SP1[23/26] <MSLine_lib:MSLine:schematic>  s2=266.7e-06 s1=93.98e-06  freq=(1 GHz->10 GHz)
...........................................................................................

SP Sweep2[1].Sweep1[2/11].SP1[24/26] <MSLine_lib:MSLine:schematic>  s2=266.7e-06 s1=96.52e-06  freq=(1 GHz->10 GHz)
...........................................................................................

SP Sweep2[1].Sweep1[2/11].SP1[25/26] <MSLine_lib:MSLine:schematic>  s2=266.7e-06 s1=99.06e-06  freq=(1 GHz->10 GHz)
...........................................................................................

SP Sweep2[1].Sweep1[2/11].SP1[26/26] <MSLine_lib:MSLine:schematic>  s2=266.7e-06 s1=101.6e-06  freq=(1 GHz->10 GHz)
...........................................................................................

CT Sweep2[1].Sweep1[3/11] <MSLine_lib:MSLine:schematic>  s2=279.4e-06  s1=(38.1e-06->101.6e-06)

SP Sweep2[1].Sweep1[3/11].SP1[1/26] <MSLine_lib:MSLine:schematic>  s2=279.4e-06 s1=38.1e-06  freq=(1 GHz->10 GHz)
...........................................................................................

SP Sweep2[1].Sweep1[3/11].SP1[2/26] <MSLine_lib:MSLine:schematic>  s2=279.4e-06 s1=40.64e-06  freq=(1 GHz->10 GHz)
...........................................................................................

SP Sweep2[1].Sweep1[3/11].SP1[3/26] <MSLine_lib:MSLine:schematic>  s2=279.4e-06 s1=43.18e-06  freq=(1 GHz->10 GHz)
...........................................................................................

SP Sweep2[1].Sweep1[3/11].SP1[4/26] <MSLine_lib:MSLine:schematic>  s2=279.4e-06 s1=45.72e-06  freq=(1 GHz->10 GHz)
...........................................................................................

SP Sweep2[1].Sweep1[3/11].SP1[5/26] <MSLine_lib:MSLine:schematic>  s2=279.4e-06 s1=48.26e-06  freq=(1 GHz->10 GHz)
...........................................................................................

SP Sweep2[1].Sweep1[3/11].SP1[6/26] <MSLine_lib:MSLine:schematic>  s2=279.4e-06 s1=50.8e-06  freq=(1 GHz->10 GHz)
...........................................................................................

SP Sweep2[1].Sweep1[3/11].SP1[7/26] <MSLine_lib:MSLine:schematic>  s2=279.4e-06 s1=53.34e-06  freq=(1 GHz->10 GHz)
...........................................................................................

SP Sweep2[1].Sweep1[3/11].SP1[8/26] <MSLine_lib:MSLine:schematic>  s2=279.4e-06 s1=55.88e-06  freq=(1 GHz->10 GHz)
...........................................................................................

SP Sweep2[1].Sweep1[3/11].SP1[9/26] <MSLine_lib:MSLine:schematic>  s2=279.4e-06 s1=58.42e-06  freq=(1 GHz->10 GHz)
...........................................................................................

SP Sweep2[1].Sweep1[3/11].SP1[10/26] <MSLine_lib:MSLine:schematic>  s2=279.4e-06 s1=60.96e-06  freq=(1 GHz->10 GHz)
...........................................................................................

SP Sweep2[1].Sweep1[3/11].SP1[11/26] <MSLine_lib:MSLine:schematic>  s2=279.4e-06 s1=63.5e-06  freq=(1 GHz->10 GHz)
...........................................................................................

SP Sweep2[1].Sweep1[3/11].SP1[12/26] <MSLine_lib:MSLine:schematic>  s2=279.4e-06 s1=66.04e-06  freq=(1 GHz->10 GHz)
...........................................................................................

SP Sweep2[1].Sweep1[3/11].SP1[13/26] <MSLine_lib:MSLine:schematic>  s2=279.4e-06 s1=68.58e-06  freq=(1 GHz->10 GHz)
...........................................................................................

SP Sweep2[1].Sweep1[3/11].SP1[14/26] <MSLine_lib:MSLine:schematic>  s2=279.4e-06 s1=71.12e-06  freq=(1 GHz->10 GHz)
...........................................................................................

SP Sweep2[1].Sweep1[3/11].SP1[15/26] <MSLine_lib:MSLine:schematic>  s2=279.4e-06 s1=73.66e-06  freq=(1 GHz->10 GHz)
...........................................................................................

SP Sweep2[1].Sweep1[3/11].SP1[16/26] <MSLine_lib:MSLine:schematic>  s2=279.4e-06 s1=76.2e-06  freq=(1 GHz->10 GHz)
...........................................................................................

SP Sweep2[1].Sweep1[3/11].SP1[17/26] <MSLine_lib:MSLine:schematic>  s2=279.4e-06 s1=78.74e-06  freq=(1 GHz->10 GHz)
...........................................................................................

SP Sweep2[1].Sweep1[3/11].SP1[18/26] <MSLine_lib:MSLine:schematic>  s2=279.4e-06 s1=81.28e-06  freq=(1 GHz->10 GHz)
...........................................................................................

SP Sweep2[1].Sweep1[3/11].SP1[19/26] <MSLine_lib:MSLine:schematic>  s2=279.4e-06 s1=83.82e-06  freq=(1 GHz->10 GHz)
...........................................................................................

SP Sweep2[1].Sweep1[3/11].SP1[20/26] <MSLine_lib:MSLine:schematic>  s2=279.4e-06 s1=86.36e-06  freq=(1 GHz->10 GHz)
...........................................................................................

SP Sweep2[1].Sweep1[3/11].SP1[21/26] <MSLine_lib:MSLine:schematic>  s2=279.4e-06 s1=88.9e-06  freq=(1 GHz->10 GHz)
...........................................................................................

SP Sweep2[1].Sweep1[3/11].SP1[22/26] <MSLine_lib:MSLine:schematic>  s2=279.4e-06 s1=91.44e-06  freq=(1 GHz->10 GHz)
...........................................................................................

SP Sweep2[1].Sweep1[3/11].SP1[23/26] <MSLine_lib:MSLine:schematic>  s2=279.4e-06 s1=93.98e-06  freq=(1 GHz->10 GHz)
...........................................................................................

SP Sweep2[1].Sweep1[3/11].SP1[24/26] <MSLine_lib:MSLine:schematic>  s2=279.4e-06 s1=96.52e-06  freq=(1 GHz->10 GHz)
...........................................................................................

SP Sweep2[1].Sweep1[3/11].SP1[25/26] <MSLine_lib:MSLine:schematic>  s2=279.4e-06 s1=99.06e-06  freq=(1 GHz->10 GHz)
...........................................................................................

SP Sweep2[1].Sweep1[3/11].SP1[26/26] <MSLine_lib:MSLine:schematic>  s2=279.4e-06 s1=101.6e-06  freq=(1 GHz->10 GHz)
...........................................................................................

CT Sweep2[1].Sweep1[4/11] <MSLine_lib:MSLine:schematic>  s2=292.1e-06  s1=(38.1e-06->101.6e-06)

SP Sweep2[1].Sweep1[4/11].SP1[1/26] <MSLine_lib:MSLine:schematic>  s2=292.1e-06 s1=38.1e-06  freq=(1 GHz->10 GHz)
...........................................................................................

SP Sweep2[1].Sweep1[4/11].SP1[2/26] <MSLine_lib:MSLine:schematic>  s2=292.1e-06 s1=40.64e-06  freq=(1 GHz->10 GHz)
...........................................................................................

SP Sweep2[1].Sweep1[4/11].SP1[3/26] <MSLine_lib:MSLine:schematic>  s2=292.1e-06 s1=43.18e-06  freq=(1 GHz->10 GHz)
...........................................................................................

SP Sweep2[1].Sweep1[4/11].SP1[4/26] <MSLine_lib:MSLine:schematic>  s2=292.1e-06 s1=45.72e-06  freq=(1 GHz->10 GHz)
...........................................................................................

SP Sweep2[1].Sweep1[4/11].SP1[5/26] <MSLine_lib:MSLine:schematic>  s2=292.1e-06 s1=48.26e-06  freq=(1 GHz->10 GHz)
...........................................................................................

SP Sweep2[1].Sweep1[4/11].SP1[6/26] <MSLine_lib:MSLine:schematic>  s2=292.1e-06 s1=50.8e-06  freq=(1 GHz->10 GHz)
...........................................................................................

SP Sweep2[1].Sweep1[4/11].SP1[7/26] <MSLine_lib:MSLine:schematic>  s2=292.1e-06 s1=53.34e-06  freq=(1 GHz->10 GHz)
...........................................................................................

SP Sweep2[1].Sweep1[4/11].SP1[8/26] <MSLine_lib:MSLine:schematic>  s2=292.1e-06 s1=55.88e-06  freq=(1 GHz->10 GHz)
...........................................................................................

SP Sweep2[1].Sweep1[4/11].SP1[9/26] <MSLine_lib:MSLine:schematic>  s2=292.1e-06 s1=58.42e-06  freq=(1 GHz->10 GHz)
...........................................................................................

SP Sweep2[1].Sweep1[4/11].SP1[10/26] <MSLine_lib:MSLine:schematic>  s2=292.1e-06 s1=60.96e-06  freq=(1 GHz->10 GHz)
...........................................................................................

SP Sweep2[1].Sweep1[4/11].SP1[11/26] <MSLine_lib:MSLine:schematic>  s2=292.1e-06 s1=63.5e-06  freq=(1 GHz->10 GHz)
...........................................................................................

SP Sweep2[1].Sweep1[4/11].SP1[12/26] <MSLine_lib:MSLine:schematic>  s2=292.1e-06 s1=66.04e-06  freq=(1 GHz->10 GHz)
...........................................................................................

SP Sweep2[1].Sweep1[4/11].SP1[13/26] <MSLine_lib:MSLine:schematic>  s2=292.1e-06 s1=68.58e-06  freq=(1 GHz->10 GHz)
...........................................................................................

SP Sweep2[1].Sweep1[4/11].SP1[14/26] <MSLine_lib:MSLine:schematic>  s2=292.1e-06 s1=71.12e-06  freq=(1 GHz->10 GHz)
...........................................................................................

SP Sweep2[1].Sweep1[4/11].SP1[15/26] <MSLine_lib:MSLine:schematic>  s2=292.1e-06 s1=73.66e-06  freq=(1 GHz->10 GHz)
...........................................................................................

SP Sweep2[1].Sweep1[4/11].SP1[16/26] <MSLine_lib:MSLine:schematic>  s2=292.1e-06 s1=76.2e-06  freq=(1 GHz->10 GHz)
...........................................................................................

SP Sweep2[1].Sweep1[4/11].SP1[17/26] <MSLine_lib:MSLine:schematic>  s2=292.1e-06 s1=78.74e-06  freq=(1 GHz->10 GHz)
...........................................................................................

SP Sweep2[1].Sweep1[4/11].SP1[18/26] <MSLine_lib:MSLine:schematic>  s2=292.1e-06 s1=81.28e-06  freq=(1 GHz->10 GHz)
...........................................................................................

SP Sweep2[1].Sweep1[4/11].SP1[19/26] <MSLine_lib:MSLine:schematic>  s2=292.1e-06 s1=83.82e-06  freq=(1 GHz->10 GHz)
...........................................................................................

SP Sweep2[1].Sweep1[4/11].SP1[20/26] <MSLine_lib:MSLine:schematic>  s2=292.1e-06 s1=86.36e-06  freq=(1 GHz->10 GHz)
...........................................................................................

SP Sweep2[1].Sweep1[4/11].SP1[21/26] <MSLine_lib:MSLine:schematic>  s2=292.1e-06 s1=88.9e-06  freq=(1 GHz->10 GHz)
...........................................................................................

SP Sweep2[1].Sweep1[4/11].SP1[22/26] <MSLine_lib:MSLine:schematic>  s2=292.1e-06 s1=91.44e-06  freq=(1 GHz->10 GHz)
...........................................................................................

SP Sweep2[1].Sweep1[4/11].SP1[23/26] <MSLine_lib:MSLine:schematic>  s2=292.1e-06 s1=93.98e-06  freq=(1 GHz->10 GHz)
...........................................................................................

SP Sweep2[1].Sweep1[4/11].SP1[24/26] <MSLine_lib:MSLine:schematic>  s2=292.1e-06 s1=96.52e-06  freq=(1 GHz->10 GHz)
...........................................................................................

SP Sweep2[1].Sweep1[4/11].SP1[25/26] <MSLine_lib:MSLine:schematic>  s2=292.1e-06 s1=99.06e-06  freq=(1 GHz->10 GHz)
...........................................................................................

SP Sweep2[1].Sweep1[4/11].SP1[26/26] <MSLine_lib:MSLine:schematic>  s2=292.1e-06 s1=101.6e-06  freq=(1 GHz->10 GHz)
...........................................................................................

CT Sweep2[1].Sweep1[5/11] <MSLine_lib:MSLine:schematic>  s2=304.8e-06  s1=(38.1e-06->101.6e-06)

SP Sweep2[1].Sweep1[5/11].SP1[1/26] <MSLine_lib:MSLine:schematic>  s2=304.8e-06 s1=38.1e-06  freq=(1 GHz->10 GHz)
...........................................................................................

SP Sweep2[1].Sweep1[5/11].SP1[2/26] <MSLine_lib:MSLine:schematic>  s2=304.8e-06 s1=40.64e-06  freq=(1 GHz->10 GHz)
...........................................................................................

SP Sweep2[1].Sweep1[5/11].SP1[3/26] <MSLine_lib:MSLine:schematic>  s2=304.8e-06 s1=43.18e-06  freq=(1 GHz->10 GHz)
...........................................................................................

SP Sweep2[1].Sweep1[5/11].SP1[4/26] <MSLine_lib:MSLine:schematic>  s2=304.8e-06 s1=45.72e-06  freq=(1 GHz->10 GHz)
...........................................................................................

SP Sweep2[1].Sweep1[5/11].SP1[5/26] <MSLine_lib:MSLine:schematic>  s2=304.8e-06 s1=48.26e-06  freq=(1 GHz->10 GHz)
...........................................................................................

SP Sweep2[1].Sweep1[5/11].SP1[6/26] <MSLine_lib:MSLine:schematic>  s2=304.8e-06 s1=50.8e-06  freq=(1 GHz->10 GHz)
...........................................................................................

SP Sweep2[1].Sweep1[5/11].SP1[7/26] <MSLine_lib:MSLine:schematic>  s2=304.8e-06 s1=53.34e-06  freq=(1 GHz->10 GHz)
...........................................................................................

SP Sweep2[1].Sweep1[5/11].SP1[8/26] <MSLine_lib:MSLine:schematic>  s2=304.8e-06 s1=55.88e-06  freq=(1 GHz->10 GHz)
...........................................................................................

SP Sweep2[1].Sweep1[5/11].SP1[9/26] <MSLine_lib:MSLine:schematic>  s2=304.8e-06 s1=58.42e-06  freq=(1 GHz->10 GHz)
...........................................................................................

SP Sweep2[1].Sweep1[5/11].SP1[10/26] <MSLine_lib:MSLine:schematic>  s2=304.8e-06 s1=60.96e-06  freq=(1 GHz->10 GHz)
...........................................................................................

SP Sweep2[1].Sweep1[5/11].SP1[11/26] <MSLine_lib:MSLine:schematic>  s2=304.8e-06 s1=63.5e-06  freq=(1 GHz->10 GHz)
...........................................................................................

SP Sweep2[1].Sweep1[5/11].SP1[12/26] <MSLine_lib:MSLine:schematic>  s2=304.8e-06 s1=66.04e-06  freq=(1 GHz->10 GHz)
...........................................................................................

SP Sweep2[1].Sweep1[5/11].SP1[13/26] <MSLine_lib:MSLine:schematic>  s2=304.8e-06 s1=68.58e-06  freq=(1 GHz->10 GHz)
...........................................................................................

SP Sweep2[1].Sweep1[5/11].SP1[14/26] <MSLine_lib:MSLine:schematic>  s2=304.8e-06 s1=71.12e-06  freq=(1 GHz->10 GHz)
...........................................................................................

SP Sweep2[1].Sweep1[5/11].SP1[15/26] <MSLine_lib:MSLine:schematic>  s2=304.8e-06 s1=73.66e-06  freq=(1 GHz->10 GHz)
...........................................................................................

SP Sweep2[1].Sweep1[5/11].SP1[16/26] <MSLine_lib:MSLine:schematic>  s2=304.8e-06 s1=76.2e-06  freq=(1 GHz->10 GHz)
...........................................................................................

SP Sweep2[1].Sweep1[5/11].SP1[17/26] <MSLine_lib:MSLine:schematic>  s2=304.8e-06 s1=78.74e-06  freq=(1 GHz->10 GHz)
...........................................................................................

SP Sweep2[1].Sweep1[5/11].SP1[18/26] <MSLine_lib:MSLine:schematic>  s2=304.8e-06 s1=81.28e-06  freq=(1 GHz->10 GHz)
...........................................................................................

SP Sweep2[1].Sweep1[5/11].SP1[19/26] <MSLine_lib:MSLine:schematic>  s2=304.8e-06 s1=83.82e-06  freq=(1 GHz->10 GHz)
...........................................................................................

SP Sweep2[1].Sweep1[5/11].SP1[20/26] <MSLine_lib:MSLine:schematic>  s2=304.8e-06 s1=86.36e-06  freq=(1 GHz->10 GHz)
...........................................................................................

SP Sweep2[1].Sweep1[5/11].SP1[21/26] <MSLine_lib:MSLine:schematic>  s2=304.8e-06 s1=88.9e-06  freq=(1 GHz->10 GHz)
...........................................................................................

SP Sweep2[1].Sweep1[5/11].SP1[22/26] <MSLine_lib:MSLine:schematic>  s2=304.8e-06 s1=91.44e-06  freq=(1 GHz->10 GHz)
...........................................................................................

SP Sweep2[1].Sweep1[5/11].SP1[23/26] <MSLine_lib:MSLine:schematic>  s2=304.8e-06 s1=93.98e-06  freq=(1 GHz->10 GHz)
...........................................................................................

SP Sweep2[1].Sweep1[5/11].SP1[24/26] <MSLine_lib:MSLine:schematic>  s2=304.8e-06 s1=96.52e-06  freq=(1 GHz->10 GHz)
...........................................................................................

SP Sweep2[1].Sweep1[5/11].SP1[25/26] <MSLine_lib:MSLine:schematic>  s2=304.8e-06 s1=99.06e-06  freq=(1 GHz->10 GHz)
...........................................................................................

SP Sweep2[1].Sweep1[5/11].SP1[26/26] <MSLine_lib:MSLine:schematic>  s2=304.8e-06 s1=101.6e-06  freq=(1 GHz->10 GHz)
...........................................................................................

CT Sweep2[1].Sweep1[6/11] <MSLine_lib:MSLine:schematic>  s2=317.5e-06  s1=(38.1e-06->101.6e-06)

SP Sweep2[1].Sweep1[6/11].SP1[1/26] <MSLine_lib:MSLine:schematic>  s2=317.5e-06 s1=38.1e-06  freq=(1 GHz->10 GHz)
...........................................................................................

SP Sweep2[1].Sweep1[6/11].SP1[2/26] <MSLine_lib:MSLine:schematic>  s2=317.5e-06 s1=40.64e-06  freq=(1 GHz->10 GHz)
...........................................................................................

SP Sweep2[1].Sweep1[6/11].SP1[3/26] <MSLine_lib:MSLine:schematic>  s2=317.5e-06 s1=43.18e-06  freq=(1 GHz->10 GHz)
...........................................................................................

SP Sweep2[1].Sweep1[6/11].SP1[4/26] <MSLine_lib:MSLine:schematic>  s2=317.5e-06 s1=45.72e-06  freq=(1 GHz->10 GHz)
...........................................................................................

SP Sweep2[1].Sweep1[6/11].SP1[5/26] <MSLine_lib:MSLine:schematic>  s2=317.5e-06 s1=48.26e-06  freq=(1 GHz->10 GHz)
...........................................................................................

SP Sweep2[1].Sweep1[6/11].SP1[6/26] <MSLine_lib:MSLine:schematic>  s2=317.5e-06 s1=50.8e-06  freq=(1 GHz->10 GHz)
...........................................................................................

SP Sweep2[1].Sweep1[6/11].SP1[7/26] <MSLine_lib:MSLine:schematic>  s2=317.5e-06 s1=53.34e-06  freq=(1 GHz->10 GHz)
...........................................................................................

SP Sweep2[1].Sweep1[6/11].SP1[8/26] <MSLine_lib:MSLine:schematic>  s2=317.5e-06 s1=55.88e-06  freq=(1 GHz->10 GHz)
...........................................................................................

SP Sweep2[1].Sweep1[6/11].SP1[9/26] <MSLine_lib:MSLine:schematic>  s2=317.5e-06 s1=58.42e-06  freq=(1 GHz->10 GHz)
...........................................................................................

SP Sweep2[1].Sweep1[6/11].SP1[10/26] <MSLine_lib:MSLine:schematic>  s2=317.5e-06 s1=60.96e-06  freq=(1 GHz->10 GHz)
...........................................................................................

SP Sweep2[1].Sweep1[6/11].SP1[11/26] <MSLine_lib:MSLine:schematic>  s2=317.5e-06 s1=63.5e-06  freq=(1 GHz->10 GHz)
...........................................................................................

SP Sweep2[1].Sweep1[6/11].SP1[12/26] <MSLine_lib:MSLine:schematic>  s2=317.5e-06 s1=66.04e-06  freq=(1 GHz->10 GHz)
...........................................................................................

SP Sweep2[1].Sweep1[6/11].SP1[13/26] <MSLine_lib:MSLine:schematic>  s2=317.5e-06 s1=68.58e-06  freq=(1 GHz->10 GHz)
...........................................................................................

SP Sweep2[1].Sweep1[6/11].SP1[14/26] <MSLine_lib:MSLine:schematic>  s2=317.5e-06 s1=71.12e-06  freq=(1 GHz->10 GHz)
...........................................................................................

SP Sweep2[1].Sweep1[6/11].SP1[15/26] <MSLine_lib:MSLine:schematic>  s2=317.5e-06 s1=73.66e-06  freq=(1 GHz->10 GHz)
...........................................................................................

SP Sweep2[1].Sweep1[6/11].SP1[16/26] <MSLine_lib:MSLine:schematic>  s2=317.5e-06 s1=76.2e-06  freq=(1 GHz->10 GHz)
...........................................................................................

SP Sweep2[1].Sweep1[6/11].SP1[17/26] <MSLine_lib:MSLine:schematic>  s2=317.5e-06 s1=78.74e-06  freq=(1 GHz->10 GHz)
...........................................................................................

SP Sweep2[1].Sweep1[6/11].SP1[18/26] <MSLine_lib:MSLine:schematic>  s2=317.5e-06 s1=81.28e-06  freq=(1 GHz->10 GHz)
...........................................................................................

SP Sweep2[1].Sweep1[6/11].SP1[19/26] <MSLine_lib:MSLine:schematic>  s2=317.5e-06 s1=83.82e-06  freq=(1 GHz->10 GHz)
...........................................................................................

SP Sweep2[1].Sweep1[6/11].SP1[20/26] <MSLine_lib:MSLine:schematic>  s2=317.5e-06 s1=86.36e-06  freq=(1 GHz->10 GHz)
...........................................................................................

SP Sweep2[1].Sweep1[6/11].SP1[21/26] <MSLine_lib:MSLine:schematic>  s2=317.5e-06 s1=88.9e-06  freq=(1 GHz->10 GHz)
...........................................................................................

SP Sweep2[1].Sweep1[6/11].SP1[22/26] <MSLine_lib:MSLine:schematic>  s2=317.5e-06 s1=91.44e-06  freq=(1 GHz->10 GHz)
...........................................................................................

SP Sweep2[1].Sweep1[6/11].SP1[23/26] <MSLine_lib:MSLine:schematic>  s2=317.5e-06 s1=93.98e-06  freq=(1 GHz->10 GHz)
...........................................................................................

SP Sweep2[1].Sweep1[6/11].SP1[24/26] <MSLine_lib:MSLine:schematic>  s2=317.5e-06 s1=96.52e-06  freq=(1 GHz->10 GHz)
...........................................................................................

SP Sweep2[1].Sweep1[6/11].SP1[25/26] <MSLine_lib:MSLine:schematic>  s2=317.5e-06 s1=99.06e-06  freq=(1 GHz->10 GHz)
...........................................................................................

SP Sweep2[1].Sweep1[6/11].SP1[26/26] <MSLine_lib:MSLine:schematic>  s2=317.5e-06 s1=101.6e-06  freq=(1 GHz->10 GHz)
...........................................................................................

CT Sweep2[1].Sweep1[7/11] <MSLine_lib:MSLine:schematic>  s2=330.2e-06  s1=(38.1e-06->101.6e-06)

SP Sweep2[1].Sweep1[7/11].SP1[1/26] <MSLine_lib:MSLine:schematic>  s2=330.2e-06 s1=38.1e-06  freq=(1 GHz->10 GHz)
...........................................................................................

SP Sweep2[1].Sweep1[7/11].SP1[2/26] <MSLine_lib:MSLine:schematic>  s2=330.2e-06 s1=40.64e-06  freq=(1 GHz->10 GHz)
...........................................................................................

SP Sweep2[1].Sweep1[7/11].SP1[3/26] <MSLine_lib:MSLine:schematic>  s2=330.2e-06 s1=43.18e-06  freq=(1 GHz->10 GHz)
...........................................................................................

SP Sweep2[1].Sweep1[7/11].SP1[4/26] <MSLine_lib:MSLine:schematic>  s2=330.2e-06 s1=45.72e-06  freq=(1 GHz->10 GHz)
...........................................................................................

SP Sweep2[1].Sweep1[7/11].SP1[5/26] <MSLine_lib:MSLine:schematic>  s2=330.2e-06 s1=48.26e-06  freq=(1 GHz->10 GHz)
...........................................................................................

SP Sweep2[1].Sweep1[7/11].SP1[6/26] <MSLine_lib:MSLine:schematic>  s2=330.2e-06 s1=50.8e-06  freq=(1 GHz->10 GHz)
...........................................................................................

SP Sweep2[1].Sweep1[7/11].SP1[7/26] <MSLine_lib:MSLine:schematic>  s2=330.2e-06 s1=53.34e-06  freq=(1 GHz->10 GHz)
...........................................................................................

SP Sweep2[1].Sweep1[7/11].SP1[8/26] <MSLine_lib:MSLine:schematic>  s2=330.2e-06 s1=55.88e-06  freq=(1 GHz->10 GHz)
...........................................................................................

SP Sweep2[1].Sweep1[7/11].SP1[9/26] <MSLine_lib:MSLine:schematic>  s2=330.2e-06 s1=58.42e-06  freq=(1 GHz->10 GHz)
...........................................................................................

SP Sweep2[1].Sweep1[7/11].SP1[10/26] <MSLine_lib:MSLine:schematic>  s2=330.2e-06 s1=60.96e-06  freq=(1 GHz->10 GHz)
...........................................................................................

SP Sweep2[1].Sweep1[7/11].SP1[11/26] <MSLine_lib:MSLine:schematic>  s2=330.2e-06 s1=63.5e-06  freq=(1 GHz->10 GHz)
...........................................................................................

SP Sweep2[1].Sweep1[7/11].SP1[12/26] <MSLine_lib:MSLine:schematic>  s2=330.2e-06 s1=66.04e-06  freq=(1 GHz->10 GHz)
...........................................................................................

SP Sweep2[1].Sweep1[7/11].SP1[13/26] <MSLine_lib:MSLine:schematic>  s2=330.2e-06 s1=68.58e-06  freq=(1 GHz->10 GHz)
...........................................................................................

SP Sweep2[1].Sweep1[7/11].SP1[14/26] <MSLine_lib:MSLine:schematic>  s2=330.2e-06 s1=71.12e-06  freq=(1 GHz->10 GHz)
...........................................................................................

SP Sweep2[1].Sweep1[7/11].SP1[15/26] <MSLine_lib:MSLine:schematic>  s2=330.2e-06 s1=73.66e-06  freq=(1 GHz->10 GHz)
...........................................................................................

SP Sweep2[1].Sweep1[7/11].SP1[16/26] <MSLine_lib:MSLine:schematic>  s2=330.2e-06 s1=76.2e-06  freq=(1 GHz->10 GHz)
...........................................................................................

SP Sweep2[1].Sweep1[7/11].SP1[17/26] <MSLine_lib:MSLine:schematic>  s2=330.2e-06 s1=78.74e-06  freq=(1 GHz->10 GHz)
...........................................................................................

SP Sweep2[1].Sweep1[7/11].SP1[18/26] <MSLine_lib:MSLine:schematic>  s2=330.2e-06 s1=81.28e-06  freq=(1 GHz->10 GHz)
...........................................................................................

SP Sweep2[1].Sweep1[7/11].SP1[19/26] <MSLine_lib:MSLine:schematic>  s2=330.2e-06 s1=83.82e-06  freq=(1 GHz->10 GHz)
...........................................................................................

SP Sweep2[1].Sweep1[7/11].SP1[20/26] <MSLine_lib:MSLine:schematic>  s2=330.2e-06 s1=86.36e-06  freq=(1 GHz->10 GHz)
...........................................................................................

SP Sweep2[1].Sweep1[7/11].SP1[21/26] <MSLine_lib:MSLine:schematic>  s2=330.2e-06 s1=88.9e-06  freq=(1 GHz->10 GHz)
...........................................................................................

SP Sweep2[1].Sweep1[7/11].SP1[22/26] <MSLine_lib:MSLine:schematic>  s2=330.2e-06 s1=91.44e-06  freq=(1 GHz->10 GHz)
...........................................................................................

SP Sweep2[1].Sweep1[7/11].SP1[23/26] <MSLine_lib:MSLine:schematic>  s2=330.2e-06 s1=93.98e-06  freq=(1 GHz->10 GHz)
...........................................................................................

SP Sweep2[1].Sweep1[7/11].SP1[24/26] <MSLine_lib:MSLine:schematic>  s2=330.2e-06 s1=96.52e-06  freq=(1 GHz->10 GHz)
...........................................................................................

SP Sweep2[1].Sweep1[7/11].SP1[25/26] <MSLine_lib:MSLine:schematic>  s2=330.2e-06 s1=99.06e-06  freq=(1 GHz->10 GHz)
...........................................................................................

SP Sweep2[1].Sweep1[7/11].SP1[26/26] <MSLine_lib:MSLine:schematic>  s2=330.2e-06 s1=101.6e-06  freq=(1 GHz->10 GHz)
...........................................................................................

CT Sweep2[1].Sweep1[8/11] <MSLine_lib:MSLine:schematic>  s2=342.9e-06  s1=(38.1e-06->101.6e-06)

SP Sweep2[1].Sweep1[8/11].SP1[1/26] <MSLine_lib:MSLine:schematic>  s2=342.9e-06 s1=38.1e-06  freq=(1 GHz->10 GHz)
...........................................................................................

SP Sweep2[1].Sweep1[8/11].SP1[2/26] <MSLine_lib:MSLine:schematic>  s2=342.9e-06 s1=40.64e-06  freq=(1 GHz->10 GHz)
...........................................................................................

SP Sweep2[1].Sweep1[8/11].SP1[3/26] <MSLine_lib:MSLine:schematic>  s2=342.9e-06 s1=43.18e-06  freq=(1 GHz->10 GHz)
...........................................................................................

SP Sweep2[1].Sweep1[8/11].SP1[4/26] <MSLine_lib:MSLine:schematic>  s2=342.9e-06 s1=45.72e-06  freq=(1 GHz->10 GHz)
...........................................................................................

SP Sweep2[1].Sweep1[8/11].SP1[5/26] <MSLine_lib:MSLine:schematic>  s2=342.9e-06 s1=48.26e-06  freq=(1 GHz->10 GHz)
...........................................................................................

SP Sweep2[1].Sweep1[8/11].SP1[6/26] <MSLine_lib:MSLine:schematic>  s2=342.9e-06 s1=50.8e-06  freq=(1 GHz->10 GHz)
...........................................................................................

SP Sweep2[1].Sweep1[8/11].SP1[7/26] <MSLine_lib:MSLine:schematic>  s2=342.9e-06 s1=53.34e-06  freq=(1 GHz->10 GHz)
...........................................................................................

SP Sweep2[1].Sweep1[8/11].SP1[8/26] <MSLine_lib:MSLine:schematic>  s2=342.9e-06 s1=55.88e-06  freq=(1 GHz->10 GHz)
...........................................................................................

SP Sweep2[1].Sweep1[8/11].SP1[9/26] <MSLine_lib:MSLine:schematic>  s2=342.9e-06 s1=58.42e-06  freq=(1 GHz->10 GHz)
...........................................................................................

SP Sweep2[1].Sweep1[8/11].SP1[10/26] <MSLine_lib:MSLine:schematic>  s2=342.9e-06 s1=60.96e-06  freq=(1 GHz->10 GHz)
...........................................................................................

SP Sweep2[1].Sweep1[8/11].SP1[11/26] <MSLine_lib:MSLine:schematic>  s2=342.9e-06 s1=63.5e-06  freq=(1 GHz->10 GHz)
...........................................................................................

SP Sweep2[1].Sweep1[8/11].SP1[12/26] <MSLine_lib:MSLine:schematic>  s2=342.9e-06 s1=66.04e-06  freq=(1 GHz->10 GHz)
...........................................................................................

SP Sweep2[1].Sweep1[8/11].SP1[13/26] <MSLine_lib:MSLine:schematic>  s2=342.9e-06 s1=68.58e-06  freq=(1 GHz->10 GHz)
...........................................................................................

SP Sweep2[1].Sweep1[8/11].SP1[14/26] <MSLine_lib:MSLine:schematic>  s2=342.9e-06 s1=71.12e-06  freq=(1 GHz->10 GHz)
...........................................................................................

SP Sweep2[1].Sweep1[8/11].SP1[15/26] <MSLine_lib:MSLine:schematic>  s2=342.9e-06 s1=73.66e-06  freq=(1 GHz->10 GHz)
...........................................................................................

SP Sweep2[1].Sweep1[8/11].SP1[16/26] <MSLine_lib:MSLine:schematic>  s2=342.9e-06 s1=76.2e-06  freq=(1 GHz->10 GHz)
...........................................................................................

SP Sweep2[1].Sweep1[8/11].SP1[17/26] <MSLine_lib:MSLine:schematic>  s2=342.9e-06 s1=78.74e-06  freq=(1 GHz->10 GHz)
...........................................................................................

SP Sweep2[1].Sweep1[8/11].SP1[18/26] <MSLine_lib:MSLine:schematic>  s2=342.9e-06 s1=81.28e-06  freq=(1 GHz->10 GHz)
...........................................................................................

SP Sweep2[1].Sweep1[8/11].SP1[19/26] <MSLine_lib:MSLine:schematic>  s2=342.9e-06 s1=83.82e-06  freq=(1 GHz->10 GHz)
...........................................................................................

SP Sweep2[1].Sweep1[8/11].SP1[20/26] <MSLine_lib:MSLine:schematic>  s2=342.9e-06 s1=86.36e-06  freq=(1 GHz->10 GHz)
...........................................................................................

SP Sweep2[1].Sweep1[8/11].SP1[21/26] <MSLine_lib:MSLine:schematic>  s2=342.9e-06 s1=88.9e-06  freq=(1 GHz->10 GHz)
...........................................................................................

SP Sweep2[1].Sweep1[8/11].SP1[22/26] <MSLine_lib:MSLine:schematic>  s2=342.9e-06 s1=91.44e-06  freq=(1 GHz->10 GHz)
...........................................................................................

SP Sweep2[1].Sweep1[8/11].SP1[23/26] <MSLine_lib:MSLine:schematic>  s2=342.9e-06 s1=93.98e-06  freq=(1 GHz->10 GHz)
...........................................................................................

SP Sweep2[1].Sweep1[8/11].SP1[24/26] <MSLine_lib:MSLine:schematic>  s2=342.9e-06 s1=96.52e-06  freq=(1 GHz->10 GHz)
...........................................................................................

SP Sweep2[1].Sweep1[8/11].SP1[25/26] <MSLine_lib:MSLine:schematic>  s2=342.9e-06 s1=99.06e-06  freq=(1 GHz->10 GHz)
...........................................................................................

SP Sweep2[1].Sweep1[8/11].SP1[26/26] <MSLine_lib:MSLine:schematic>  s2=342.9e-06 s1=101.6e-06  freq=(1 GHz->10 GHz)
...........................................................................................

CT Sweep2[1].Sweep1[9/11] <MSLine_lib:MSLine:schematic>  s2=355.6e-06  s1=(38.1e-06->101.6e-06)

SP Sweep2[1].Sweep1[9/11].SP1[1/26] <MSLine_lib:MSLine:schematic>  s2=355.6e-06 s1=38.1e-06  freq=(1 GHz->10 GHz)
...........................................................................................

SP Sweep2[1].Sweep1[9/11].SP1[2/26] <MSLine_lib:MSLine:schematic>  s2=355.6e-06 s1=40.64e-06  freq=(1 GHz->10 GHz)
...........................................................................................

SP Sweep2[1].Sweep1[9/11].SP1[3/26] <MSLine_lib:MSLine:schematic>  s2=355.6e-06 s1=43.18e-06  freq=(1 GHz->10 GHz)
...........................................................................................

SP Sweep2[1].Sweep1[9/11].SP1[4/26] <MSLine_lib:MSLine:schematic>  s2=355.6e-06 s1=45.72e-06  freq=(1 GHz->10 GHz)
...........................................................................................

SP Sweep2[1].Sweep1[9/11].SP1[5/26] <MSLine_lib:MSLine:schematic>  s2=355.6e-06 s1=48.26e-06  freq=(1 GHz->10 GHz)
...........................................................................................

SP Sweep2[1].Sweep1[9/11].SP1[6/26] <MSLine_lib:MSLine:schematic>  s2=355.6e-06 s1=50.8e-06  freq=(1 GHz->10 GHz)
...........................................................................................

SP Sweep2[1].Sweep1[9/11].SP1[7/26] <MSLine_lib:MSLine:schematic>  s2=355.6e-06 s1=53.34e-06  freq=(1 GHz->10 GHz)
...........................................................................................

SP Sweep2[1].Sweep1[9/11].SP1[8/26] <MSLine_lib:MSLine:schematic>  s2=355.6e-06 s1=55.88e-06  freq=(1 GHz->10 GHz)
...........................................................................................

SP Sweep2[1].Sweep1[9/11].SP1[9/26] <MSLine_lib:MSLine:schematic>  s2=355.6e-06 s1=58.42e-06  freq=(1 GHz->10 GHz)
...........................................................................................

SP Sweep2[1].Sweep1[9/11].SP1[10/26] <MSLine_lib:MSLine:schematic>  s2=355.6e-06 s1=60.96e-06  freq=(1 GHz->10 GHz)
...........................................................................................

SP Sweep2[1].Sweep1[9/11].SP1[11/26] <MSLine_lib:MSLine:schematic>  s2=355.6e-06 s1=63.5e-06  freq=(1 GHz->10 GHz)
...........................................................................................

SP Sweep2[1].Sweep1[9/11].SP1[12/26] <MSLine_lib:MSLine:schematic>  s2=355.6e-06 s1=66.04e-06  freq=(1 GHz->10 GHz)
...........................................................................................

SP Sweep2[1].Sweep1[9/11].SP1[13/26] <MSLine_lib:MSLine:schematic>  s2=355.6e-06 s1=68.58e-06  freq=(1 GHz->10 GHz)
...........................................................................................

SP Sweep2[1].Sweep1[9/11].SP1[14/26] <MSLine_lib:MSLine:schematic>  s2=355.6e-06 s1=71.12e-06  freq=(1 GHz->10 GHz)
...........................................................................................

SP Sweep2[1].Sweep1[9/11].SP1[15/26] <MSLine_lib:MSLine:schematic>  s2=355.6e-06 s1=73.66e-06  freq=(1 GHz->10 GHz)
...........................................................................................

SP Sweep2[1].Sweep1[9/11].SP1[16/26] <MSLine_lib:MSLine:schematic>  s2=355.6e-06 s1=76.2e-06  freq=(1 GHz->10 GHz)
...........................................................................................

SP Sweep2[1].Sweep1[9/11].SP1[17/26] <MSLine_lib:MSLine:schematic>  s2=355.6e-06 s1=78.74e-06  freq=(1 GHz->10 GHz)
...........................................................................................

SP Sweep2[1].Sweep1[9/11].SP1[18/26] <MSLine_lib:MSLine:schematic>  s2=355.6e-06 s1=81.28e-06  freq=(1 GHz->10 GHz)
...........................................................................................

SP Sweep2[1].Sweep1[9/11].SP1[19/26] <MSLine_lib:MSLine:schematic>  s2=355.6e-06 s1=83.82e-06  freq=(1 GHz->10 GHz)
...........................................................................................

SP Sweep2[1].Sweep1[9/11].SP1[20/26] <MSLine_lib:MSLine:schematic>  s2=355.6e-06 s1=86.36e-06  freq=(1 GHz->10 GHz)
...........................................................................................

SP Sweep2[1].Sweep1[9/11].SP1[21/26] <MSLine_lib:MSLine:schematic>  s2=355.6e-06 s1=88.9e-06  freq=(1 GHz->10 GHz)
...........................................................................................

SP Sweep2[1].Sweep1[9/11].SP1[22/26] <MSLine_lib:MSLine:schematic>  s2=355.6e-06 s1=91.44e-06  freq=(1 GHz->10 GHz)
...........................................................................................

SP Sweep2[1].Sweep1[9/11].SP1[23/26] <MSLine_lib:MSLine:schematic>  s2=355.6e-06 s1=93.98e-06  freq=(1 GHz->10 GHz)
...........................................................................................

SP Sweep2[1].Sweep1[9/11].SP1[24/26] <MSLine_lib:MSLine:schematic>  s2=355.6e-06 s1=96.52e-06  freq=(1 GHz->10 GHz)
...........................................................................................

SP Sweep2[1].Sweep1[9/11].SP1[25/26] <MSLine_lib:MSLine:schematic>  s2=355.6e-06 s1=99.06e-06  freq=(1 GHz->10 GHz)
...........................................................................................

SP Sweep2[1].Sweep1[9/11].SP1[26/26] <MSLine_lib:MSLine:schematic>  s2=355.6e-06 s1=101.6e-06  freq=(1 GHz->10 GHz)
...........................................................................................

CT Sweep2[1].Sweep1[10/11] <MSLine_lib:MSLine:schematic>  s2=368.3e-06  s1=(38.1e-06->101.6e-06)

SP Sweep2[1].Sweep1[10/11].SP1[1/26] <MSLine_lib:MSLine:schematic>  s2=368.3e-06 s1=38.1e-06  freq=(1 GHz->10 GHz)
...........................................................................................

SP Sweep2[1].Sweep1[10/11].SP1[2/26] <MSLine_lib:MSLine:schematic>  s2=368.3e-06 s1=40.64e-06  freq=(1 GHz->10 GHz)
...........................................................................................

SP Sweep2[1].Sweep1[10/11].SP1[3/26] <MSLine_lib:MSLine:schematic>  s2=368.3e-06 s1=43.18e-06  freq=(1 GHz->10 GHz)
...........................................................................................

SP Sweep2[1].Sweep1[10/11].SP1[4/26] <MSLine_lib:MSLine:schematic>  s2=368.3e-06 s1=45.72e-06  freq=(1 GHz->10 GHz)
...........................................................................................

SP Sweep2[1].Sweep1[10/11].SP1[5/26] <MSLine_lib:MSLine:schematic>  s2=368.3e-06 s1=48.26e-06  freq=(1 GHz->10 GHz)
...........................................................................................

SP Sweep2[1].Sweep1[10/11].SP1[6/26] <MSLine_lib:MSLine:schematic>  s2=368.3e-06 s1=50.8e-06  freq=(1 GHz->10 GHz)
...........................................................................................

SP Sweep2[1].Sweep1[10/11].SP1[7/26] <MSLine_lib:MSLine:schematic>  s2=368.3e-06 s1=53.34e-06  freq=(1 GHz->10 GHz)
...........................................................................................

SP Sweep2[1].Sweep1[10/11].SP1[8/26] <MSLine_lib:MSLine:schematic>  s2=368.3e-06 s1=55.88e-06  freq=(1 GHz->10 GHz)
...........................................................................................

SP Sweep2[1].Sweep1[10/11].SP1[9/26] <MSLine_lib:MSLine:schematic>  s2=368.3e-06 s1=58.42e-06  freq=(1 GHz->10 GHz)
...........................................................................................

SP Sweep2[1].Sweep1[10/11].SP1[10/26] <MSLine_lib:MSLine:schematic>  s2=368.3e-06 s1=60.96e-06  freq=(1 GHz->10 GHz)
...........................................................................................

SP Sweep2[1].Sweep1[10/11].SP1[11/26] <MSLine_lib:MSLine:schematic>  s2=368.3e-06 s1=63.5e-06  freq=(1 GHz->10 GHz)
...........................................................................................

SP Sweep2[1].Sweep1[10/11].SP1[12/26] <MSLine_lib:MSLine:schematic>  s2=368.3e-06 s1=66.04e-06  freq=(1 GHz->10 GHz)
...........................................................................................

SP Sweep2[1].Sweep1[10/11].SP1[13/26] <MSLine_lib:MSLine:schematic>  s2=368.3e-06 s1=68.58e-06  freq=(1 GHz->10 GHz)
...........................................................................................

SP Sweep2[1].Sweep1[10/11].SP1[14/26] <MSLine_lib:MSLine:schematic>  s2=368.3e-06 s1=71.12e-06  freq=(1 GHz->10 GHz)
...........................................................................................

SP Sweep2[1].Sweep1[10/11].SP1[15/26] <MSLine_lib:MSLine:schematic>  s2=368.3e-06 s1=73.66e-06  freq=(1 GHz->10 GHz)
...........................................................................................

SP Sweep2[1].Sweep1[10/11].SP1[16/26] <MSLine_lib:MSLine:schematic>  s2=368.3e-06 s1=76.2e-06  freq=(1 GHz->10 GHz)
...........................................................................................

SP Sweep2[1].Sweep1[10/11].SP1[17/26] <MSLine_lib:MSLine:schematic>  s2=368.3e-06 s1=78.74e-06  freq=(1 GHz->10 GHz)
...........................................................................................

SP Sweep2[1].Sweep1[10/11].SP1[18/26] <MSLine_lib:MSLine:schematic>  s2=368.3e-06 s1=81.28e-06  freq=(1 GHz->10 GHz)
...........................................................................................

SP Sweep2[1].Sweep1[10/11].SP1[19/26] <MSLine_lib:MSLine:schematic>  s2=368.3e-06 s1=83.82e-06  freq=(1 GHz->10 GHz)
...........................................................................................

SP Sweep2[1].Sweep1[10/11].SP1[20/26] <MSLine_lib:MSLine:schematic>  s2=368.3e-06 s1=86.36e-06  freq=(1 GHz->10 GHz)
...........................................................................................

SP Sweep2[1].Sweep1[10/11].SP1[21/26] <MSLine_lib:MSLine:schematic>  s2=368.3e-06 s1=88.9e-06  freq=(1 GHz->10 GHz)
...........................................................................................

SP Sweep2[1].Sweep1[10/11].SP1[22/26] <MSLine_lib:MSLine:schematic>  s2=368.3e-06 s1=91.44e-06  freq=(1 GHz->10 GHz)
...........................................................................................

SP Sweep2[1].Sweep1[10/11].SP1[23/26] <MSLine_lib:MSLine:schematic>  s2=368.3e-06 s1=93.98e-06  freq=(1 GHz->10 GHz)
...........................................................................................

SP Sweep2[1].Sweep1[10/11].SP1[24/26] <MSLine_lib:MSLine:schematic>  s2=368.3e-06 s1=96.52e-06  freq=(1 GHz->10 GHz)
...........................................................................................

SP Sweep2[1].Sweep1[10/11].SP1[25/26] <MSLine_lib:MSLine:schematic>  s2=368.3e-06 s1=99.06e-06  freq=(1 GHz->10 GHz)
...........................................................................................

SP Sweep2[1].Sweep1[10/11].SP1[26/26] <MSLine_lib:MSLine:schematic>  s2=368.3e-06 s1=101.6e-06  freq=(1 GHz->10 GHz)
...........................................................................................

CT Sweep2[1].Sweep1[11/11] <MSLine_lib:MSLine:schematic>  s2=381e-06  s1=(38.1e-06->101.6e-06)

SP Sweep2[1].Sweep1[11/11].SP1[1/26] <MSLine_lib:MSLine:schematic>  s2=381e-06 s1=38.1e-06  freq=(1 GHz->10 GHz)
...........................................................................................

SP Sweep2[1].Sweep1[11/11].SP1[2/26] <MSLine_lib:MSLine:schematic>  s2=381e-06 s1=40.64e-06  freq=(1 GHz->10 GHz)
...........................................................................................

SP Sweep2[1].Sweep1[11/11].SP1[3/26] <MSLine_lib:MSLine:schematic>  s2=381e-06 s1=43.18e-06  freq=(1 GHz->10 GHz)
...........................................................................................

SP Sweep2[1].Sweep1[11/11].SP1[4/26] <MSLine_lib:MSLine:schematic>  s2=381e-06 s1=45.72e-06  freq=(1 GHz->10 GHz)
...........................................................................................

SP Sweep2[1].Sweep1[11/11].SP1[5/26] <MSLine_lib:MSLine:schematic>  s2=381e-06 s1=48.26e-06  freq=(1 GHz->10 GHz)
...........................................................................................

SP Sweep2[1].Sweep1[11/11].SP1[6/26] <MSLine_lib:MSLine:schematic>  s2=381e-06 s1=50.8e-06  freq=(1 GHz->10 GHz)
...........................................................................................

SP Sweep2[1].Sweep1[11/11].SP1[7/26] <MSLine_lib:MSLine:schematic>  s2=381e-06 s1=53.34e-06  freq=(1 GHz->10 GHz)
...........................................................................................

SP Sweep2[1].Sweep1[11/11].SP1[8/26] <MSLine_lib:MSLine:schematic>  s2=381e-06 s1=55.88e-06  freq=(1 GHz->10 GHz)
...........................................................................................

SP Sweep2[1].Sweep1[11/11].SP1[9/26] <MSLine_lib:MSLine:schematic>  s2=381e-06 s1=58.42e-06  freq=(1 GHz->10 GHz)
...........................................................................................

SP Sweep2[1].Sweep1[11/11].SP1[10/26] <MSLine_lib:MSLine:schematic>  s2=381e-06 s1=60.96e-06  freq=(1 GHz->10 GHz)
...........................................................................................

SP Sweep2[1].Sweep1[11/11].SP1[11/26] <MSLine_lib:MSLine:schematic>  s2=381e-06 s1=63.5e-06  freq=(1 GHz->10 GHz)
...........................................................................................

SP Sweep2[1].Sweep1[11/11].SP1[12/26] <MSLine_lib:MSLine:schematic>  s2=381e-06 s1=66.04e-06  freq=(1 GHz->10 GHz)
...........................................................................................

SP Sweep2[1].Sweep1[11/11].SP1[13/26] <MSLine_lib:MSLine:schematic>  s2=381e-06 s1=68.58e-06  freq=(1 GHz->10 GHz)
...........................................................................................

SP Sweep2[1].Sweep1[11/11].SP1[14/26] <MSLine_lib:MSLine:schematic>  s2=381e-06 s1=71.12e-06  freq=(1 GHz->10 GHz)
...........................................................................................

SP Sweep2[1].Sweep1[11/11].SP1[15/26] <MSLine_lib:MSLine:schematic>  s2=381e-06 s1=73.66e-06  freq=(1 GHz->10 GHz)
...........................................................................................

SP Sweep2[1].Sweep1[11/11].SP1[16/26] <MSLine_lib:MSLine:schematic>  s2=381e-06 s1=76.2e-06  freq=(1 GHz->10 GHz)
...........................................................................................

SP Sweep2[1].Sweep1[11/11].SP1[17/26] <MSLine_lib:MSLine:schematic>  s2=381e-06 s1=78.74e-06  freq=(1 GHz->10 GHz)
...........................................................................................

SP Sweep2[1].Sweep1[11/11].SP1[18/26] <MSLine_lib:MSLine:schematic>  s2=381e-06 s1=81.28e-06  freq=(1 GHz->10 GHz)
...........................................................................................

SP Sweep2[1].Sweep1[11/11].SP1[19/26] <MSLine_lib:MSLine:schematic>  s2=381e-06 s1=83.82e-06  freq=(1 GHz->10 GHz)
...........................................................................................

SP Sweep2[1].Sweep1[11/11].SP1[20/26] <MSLine_lib:MSLine:schematic>  s2=381e-06 s1=86.36e-06  freq=(1 GHz->10 GHz)
...........................................................................................

SP Sweep2[1].Sweep1[11/11].SP1[21/26] <MSLine_lib:MSLine:schematic>  s2=381e-06 s1=88.9e-06  freq=(1 GHz->10 GHz)
...........................................................................................

SP Sweep2[1].Sweep1[11/11].SP1[22/26] <MSLine_lib:MSLine:schematic>  s2=381e-06 s1=91.44e-06  freq=(1 GHz->10 GHz)
...........................................................................................

SP Sweep2[1].Sweep1[11/11].SP1[23/26] <MSLine_lib:MSLine:schematic>  s2=381e-06 s1=93.98e-06  freq=(1 GHz->10 GHz)
...........................................................................................

SP Sweep2[1].Sweep1[11/11].SP1[24/26] <MSLine_lib:MSLine:schematic>  s2=381e-06 s1=96.52e-06  freq=(1 GHz->10 GHz)
...........................................................................................

SP Sweep2[1].Sweep1[11/11].SP1[25/26] <MSLine_lib:MSLine:schematic>  s2=381e-06 s1=99.06e-06  freq=(1 GHz->10 GHz)
...........................................................................................

SP Sweep2[1].Sweep1[11/11].SP1[26/26] <MSLine_lib:MSLine:schematic>  s2=381e-06 s1=101.6e-06  freq=(1 GHz->10 GHz)
...........................................................................................

Resource usage:
  Total stopwatch time     =     1.37 seconds.

